build/app/intermediates/manifest_merge_blame_file/debug/manifest-merger-blame-debug-report.txt
1<?xml version="1.0" encoding="utf-8"?>
2<manifest xmlns:android="http://schemas.android.com/apk/res/android"
3    package="com.example.flashcards_quiz"
4    android:versionCode="1"
5    android:versionName="1.0.0" >
6
7    <uses-sdk
8        android:minSdkVersion="21"
9        android:targetSdkVersion="31" />
10    <!--
11         The INTERNET permission is required for development. Specifically,
12         the Flutter tool needs it to communicate with the running application
13         to allow setting breakpoints, to provide hot reload, etc.
14    -->
15    <uses-permission android:name="android.permission.BLUETOOTH" />
15-->src/main/AndroidManifest.xml:3:5-105
15-->src/main/AndroidManifest.xml:3:22-65
16    <uses-permission
16-->src/main/AndroidManifest.xml:4:5-73
17        android:name="android.permission.BLUETOOTH_ADMIN"
17-->src/main/AndroidManifest.xml:4:22-71
18        android:maxSdkVersion="30" />
18-->[:reactive_ble_mobile] AndroidManifest.xml:15:9-35
19    <!-- Permissions for Android 12 and above -->
20    <uses-permission
20-->src/debug/AndroidManifest.xml:9:5-119
21        android:name="android.permission.BLUETOOTH_SCAN"
21-->src/debug/AndroidManifest.xml:9:22-70
22        android:usesPermissionFlags="neverForLocation" />
22-->src/debug/AndroidManifest.xml:9:71-117
23    <uses-permission android:name="android.permission.BLUETOOTH_CONNECT" />
23-->src/main/AndroidManifest.xml:5:5-76
23-->src/main/AndroidManifest.xml:5:22-73
24    <uses-permission android:name="android.permission.INTERNET" />
24-->src/debug/AndroidManifest.xml:11:5-66
24-->src/debug/AndroidManifest.xml:11:22-64
25    <uses-permission android:name="android.permission.ACCESS_FINE_LOCATION" />
25-->src/main/AndroidManifest.xml:6:5-78
25-->src/main/AndroidManifest.xml:6:22-76
26
27    <uses-feature
27-->src/main/AndroidManifest.xml:7:5-89
28        android:name="android.hardware.bluetooth_le"
28-->src/main/AndroidManifest.xml:7:19-63
29        android:required="true" />
29-->src/main/AndroidManifest.xml:7:64-87
30
31    <uses-permission android:name="android.permission.ACCESS_COARSE_LOCATION" />
31-->src/main/AndroidManifest.xml:8:5-80
31-->src/main/AndroidManifest.xml:8:22-78
32
33    <queries>
33-->src/main/AndroidManifest.xml:9:9-19:15
34        <intent>
34-->src/main/AndroidManifest.xml:10:9-12:18
35            <action android:name="android.bluetooth.device.action.FOUND" />
35-->src/main/AndroidManifest.xml:11:13-76
35-->src/main/AndroidManifest.xml:11:21-73
36        </intent>
37        <intent>
37-->src/main/AndroidManifest.xml:13:9-15:18
38            <action android:name="android.bluetooth.adapter.action.DISCOVERY_FINISHED" />
38-->src/main/AndroidManifest.xml:14:13-90
38-->src/main/AndroidManifest.xml:14:21-87
39        </intent>
40        <intent>
40-->src/main/AndroidManifest.xml:16:9-18:18
41            <action android:name="android.bluetooth.adapter.action.DISCOVERY_STARTED" />
41-->src/main/AndroidManifest.xml:17:13-89
41-->src/main/AndroidManifest.xml:17:21-86
42        </intent>
43    </queries> <!-- required for API 23 - 30, no android:maxSdkVersion because of a potential breaking change -->
44    <!-- TODO: add android:maxSdkVersion on 2.0.0 -->
45    <uses-permission-sdk-23 android:name="android.permission.ACCESS_COARSE_LOCATION" />
45-->[com.polidea.rxandroidble2:rxandroidble:1.16.0] AndroidManifest.xml:18:5-88
45-->[com.polidea.rxandroidble2:rxandroidble:1.16.0] AndroidManifest.xml:18:29-85
46    <uses-permission-sdk-23 android:name="android.permission.ACCESS_FINE_LOCATION" />
46-->[com.polidea.rxandroidble2:rxandroidble:1.16.0] AndroidManifest.xml:19:5-86
46-->[com.polidea.rxandroidble2:rxandroidble:1.16.0] AndroidManifest.xml:19:29-83
47
48    <application
49        android:name="android.app.Application"
50        android:appComponentFactory="androidx.core.app.CoreComponentFactory"
50-->[androidx.core:core:1.6.0] AndroidManifest.xml:24:18-86
51        android:debuggable="true"
52        android:icon="@mipmap/ic_launcher"
53        android:label="flashcards_quiz" >
54        <activity
55            android:name="com.example.flashcards_quiz.MainActivity"
56            android:configChanges="orientation|keyboardHidden|keyboard|screenSize|smallestScreenSize|locale|layoutDirection|fontScale|screenLayout|density|uiMode"
57            android:exported="true"
58            android:hardwareAccelerated="true"
59            android:launchMode="singleTop"
60            android:theme="@style/LaunchTheme"
61            android:windowSoftInputMode="adjustResize" >
62
63            <!--
64                 Specifies an Android theme to apply to this Activity as soon as
65                 the Android process has started. This theme is visible to the user
66                 while the Flutter UI initializes. After that, this theme continues
67                 to determine the Window background behind the Flutter UI.
68            -->
69            <meta-data
70                android:name="io.flutter.embedding.android.NormalTheme"
71                android:resource="@style/NormalTheme" />
72
73            <intent-filter>
74                <action android:name="android.intent.action.MAIN" />
75
76                <category android:name="android.intent.category.LAUNCHER" />
77            </intent-filter>
78        </activity>
79        <!--
80             Don't delete the meta-data below.
81             This is used by the Flutter tool to generate GeneratedPluginRegistrant.java
82        -->
83        <meta-data
84            android:name="flutterEmbedding"
85            android:value="2" />
86
87        <uses-library
87-->[androidx.window:window:1.0.0-beta04] AndroidManifest.xml:25:9-27:40
88            android:name="androidx.window.extensions"
88-->[androidx.window:window:1.0.0-beta04] AndroidManifest.xml:26:13-54
89            android:required="false" />
89-->[androidx.window:window:1.0.0-beta04] AndroidManifest.xml:27:13-37
90        <uses-library
90-->[androidx.window:window:1.0.0-beta04] AndroidManifest.xml:28:9-30:40
91            android:name="androidx.window.sidecar"
91-->[androidx.window:window:1.0.0-beta04] AndroidManifest.xml:29:13-51
92            android:required="false" />
92-->[androidx.window:window:1.0.0-beta04] AndroidManifest.xml:30:13-37
93    </application>
94
95</manifest>